<?xml version="1.0" encoding="UTF-8"?>
<!-- Generated by org.testng.reporters.JUnitXMLReporter -->
<testsuite ignored="0" hostname="narender" failures="0" tests="4" name="Default test" time="0.052" errors="0" timestamp="2022-12-05T21:24:50 IST">
  <testcase classname="NewTest" name="f" time="0.004"/>
  <testcase classname="NewTest" name="f" time="0.001"/>
  <testcase classname="NewTest" name="f" time="0.001"/>
  <testcase classname="NewTest" name="f1" time="0.001"/>
</testsuite> <!-- Default test -->
