<?xml version="1.0" encoding="UTF-8"?>
<testng-results ignored="0" total="4" passed="4" failed="0" skipped="0">
  <reporter-output>
  </reporter-output>
  <suite started-at="2022-12-05T21:45:09 IST" name="Suite" finished-at="2022-12-05T21:45:09 IST" duration-ms="42">
    <groups>
    </groups>
    <test started-at="2022-12-05T21:45:09 IST" name="Test" finished-at="2022-12-05T21:45:09 IST" duration-ms="42">
      <class name="NewTest">
        <test-method is-config="true" signature="beforeSuite()[pri:0, instance:NewTest@3fb1549b]" started-at="2022-12-05T21:45:09 IST" name="beforeSuite" finished-at="2022-12-05T21:45:09 IST" duration-ms="6" status="PASS">
          <reporter-output>
          </reporter-output>
        </test-method> <!-- beforeSuite -->
        <test-method is-config="true" signature="beforeTest()[pri:0, instance:NewTest@3fb1549b]" started-at="2022-12-05T21:45:09 IST" name="beforeTest" finished-at="2022-12-05T21:45:09 IST" duration-ms="0" status="PASS">
          <reporter-output>
          </reporter-output>
        </test-method> <!-- beforeTest -->
        <test-method is-config="true" signature="beforeClass()[pri:0, instance:NewTest@3fb1549b]" started-at="2022-12-05T21:45:09 IST" name="beforeClass" finished-at="2022-12-05T21:45:09 IST" duration-ms="0" status="PASS">
          <reporter-output>
          </reporter-output>
        </test-method> <!-- beforeClass -->
        <test-method is-config="true" signature="beforeMethod()[pri:0, instance:NewTest@3fb1549b]" started-at="2022-12-05T21:45:09 IST" name="beforeMethod" finished-at="2022-12-05T21:45:09 IST" duration-ms="0" status="PASS">
          <reporter-output>
          </reporter-output>
        </test-method> <!-- beforeMethod -->
        <test-method signature="f()[pri:0, instance:NewTest@3fb1549b]" started-at="2022-12-05T21:45:09 IST" name="f" finished-at="2022-12-05T21:45:09 IST" duration-ms="3" status="PASS">
          <reporter-output>
          </reporter-output>
        </test-method> <!-- f -->
        <test-method is-config="true" signature="afterMethod()[pri:0, instance:NewTest@3fb1549b]" started-at="2022-12-05T21:45:09 IST" name="afterMethod" finished-at="2022-12-05T21:45:09 IST" duration-ms="0" status="PASS">
          <reporter-output>
          </reporter-output>
        </test-method> <!-- afterMethod -->
        <test-method signature="f(java.lang.Integer,java.lang.String)[pri:0, instance:NewTest@3fb1549b]" started-at="2022-12-05T21:45:09 IST" name="f" data-provider="dp" finished-at="2022-12-05T21:45:09 IST" duration-ms="1" status="PASS">
          <params>
            <param index="0">
              <value>
                <![CDATA[1]]>
              </value>
            </param>
            <param index="1">
              <value>
                <![CDATA[a]]>
              </value>
            </param>
          </params>
          <reporter-output>
          </reporter-output>
        </test-method> <!-- f -->
        <test-method is-config="true" signature="beforeMethod()[pri:0, instance:NewTest@3fb1549b]" started-at="2022-12-05T21:45:09 IST" name="beforeMethod" finished-at="2022-12-05T21:45:09 IST" duration-ms="0" status="PASS">
          <reporter-output>
          </reporter-output>
        </test-method> <!-- beforeMethod -->
        <test-method signature="f(java.lang.Integer,java.lang.String)[pri:0, instance:NewTest@3fb1549b]" started-at="2022-12-05T21:45:09 IST" name="f" data-provider="dp" finished-at="2022-12-05T21:45:09 IST" duration-ms="1" status="PASS">
          <params>
            <param index="0">
              <value>
                <![CDATA[2]]>
              </value>
            </param>
            <param index="1">
              <value>
                <![CDATA[b]]>
              </value>
            </param>
          </params>
          <reporter-output>
          </reporter-output>
        </test-method> <!-- f -->
        <test-method is-config="true" signature="beforeMethod()[pri:0, instance:NewTest@3fb1549b]" started-at="2022-12-05T21:45:09 IST" name="beforeMethod" finished-at="2022-12-05T21:45:09 IST" duration-ms="0" status="PASS">
          <reporter-output>
          </reporter-output>
        </test-method> <!-- beforeMethod -->
        <test-method is-config="true" signature="afterMethod()[pri:0, instance:NewTest@3fb1549b]" started-at="2022-12-05T21:45:09 IST" name="afterMethod" finished-at="2022-12-05T21:45:09 IST" duration-ms="0" status="PASS">
          <reporter-output>
          </reporter-output>
        </test-method> <!-- afterMethod -->
        <test-method is-config="true" signature="afterMethod()[pri:0, instance:NewTest@3fb1549b]" started-at="2022-12-05T21:45:09 IST" name="afterMethod" finished-at="2022-12-05T21:45:09 IST" duration-ms="0" status="PASS">
          <reporter-output>
          </reporter-output>
        </test-method> <!-- afterMethod -->
        <test-method is-config="true" signature="beforeMethod()[pri:0, instance:NewTest@3fb1549b]" started-at="2022-12-05T21:45:09 IST" name="beforeMethod" finished-at="2022-12-05T21:45:09 IST" duration-ms="0" status="PASS">
          <reporter-output>
          </reporter-output>
        </test-method> <!-- beforeMethod -->
        <test-method signature="f1()[pri:0, instance:NewTest@3fb1549b]" started-at="2022-12-05T21:45:09 IST" name="f1" finished-at="2022-12-05T21:45:09 IST" duration-ms="1" status="PASS">
          <reporter-output>
          </reporter-output>
        </test-method> <!-- f1 -->
        <test-method is-config="true" signature="afterMethod()[pri:0, instance:NewTest@3fb1549b]" started-at="2022-12-05T21:45:09 IST" name="afterMethod" finished-at="2022-12-05T21:45:09 IST" duration-ms="1" status="PASS">
          <reporter-output>
          </reporter-output>
        </test-method> <!-- afterMethod -->
        <test-method is-config="true" signature="afterClass()[pri:0, instance:NewTest@3fb1549b]" started-at="2022-12-05T21:45:09 IST" name="afterClass" finished-at="2022-12-05T21:45:09 IST" duration-ms="0" status="PASS">
          <reporter-output>
          </reporter-output>
        </test-method> <!-- afterClass -->
        <test-method is-config="true" signature="afterTest()[pri:0, instance:NewTest@3fb1549b]" started-at="2022-12-05T21:45:09 IST" name="afterTest" finished-at="2022-12-05T21:45:09 IST" duration-ms="1" status="PASS">
          <reporter-output>
          </reporter-output>
        </test-method> <!-- afterTest -->
        <test-method is-config="true" signature="afterSuite()[pri:0, instance:NewTest@3fb1549b]" started-at="2022-12-05T21:45:09 IST" name="afterSuite" finished-at="2022-12-05T21:45:09 IST" duration-ms="0" status="PASS">
          <reporter-output>
          </reporter-output>
        </test-method> <!-- afterSuite -->
      </class> <!-- NewTest -->
    </test> <!-- Test -->
  </suite> <!-- Suite -->
</testng-results>
